<?xml version="1.0" encoding="UTF-8"?>
<testsuite xmlns:xsi="http://www.w3.org/2001/XMLSchema-instance" xsi:noNamespaceSchemaLocation="https://maven.apache.org/surefire/maven-surefire-plugin/xsd/surefire-test-report-3.0.xsd" version="3.0" name="Get All Existing Departments API" time="3.897" tests="3" errors="0" skipped="0" failures="0">
  <properties>
[...]
</properties>
  <testcase name="Verify User able to retrieve ALL existing departments #1" classname="Get All Existing Departments API" time="2.193">
    <system-out><![CDATA[
@GetAllExDeps
Scenario Outline: Verify User able to retrieve ALL existing departments &amp#27;[90m# src/test/resources/hr/US205-GetAllDeps.feature:14&amp#27;[0m
  &amp#27;[32mGiven &amp#27;[0m&amp#27;[32mUser set &amp#27;[0m&amp#27;[32m&amp#27;[1m"Department:GetAllDep"&amp#27;[0m&amp#27;[32m &amp#27;[0m&amp#27;[32m&amp#27;[1m"scrum"&amp#27;[0m&amp#27;[32m webservice api&amp#27;[0m          &amp#27;[90m# com.noorteck.qa.steps.CommonAPISteps.setUpAPI(java.lang.String,java.lang.String)&amp#27;[0m
  &amp#27;[32mWhen &amp#27;[0m&amp#27;[32mUser sends GET request&amp#27;[0m                                           &amp#27;[90m# com.noorteck.qa.steps.CommonAPISteps.makeGETrequest()&amp#27;[0m
Status Code: 200
  &amp#27;[32mThen &amp#27;[0m&amp#27;[32mUser validates status code &amp#27;[0m&amp#27;[32m&amp#27;[1m"200"&amp#27;[0m                                 &amp#27;[90m# com.noorteck.qa.steps.CommonAPISteps.validateStatusCode(java.lang.String)&amp#27;[0m
  &amp#27;[32mAnd &amp#27;[0m&amp#27;[32mUser validates response body field&amp#27;[0m                                &amp#27;[90m# com.noorteck.qa.steps.CommonAPISteps.validateResponseBody(io.cucumber.datatable.DataTable)&amp#27;[0m
]]></system-out>
  </testcase>
  <testcase name="Verify User able to retrieve ALL existing departments #2" classname="Get All Existing Departments API" time="0.141">
    <system-out><![CDATA[
@GetAllExDeps
Scenario Outline: Verify User able to retrieve ALL existing departments &amp#27;[90m# src/test/resources/hr/US205-GetAllDeps.feature:15&amp#27;[0m
  &amp#27;[32mGiven &amp#27;[0m&amp#27;[32mUser set &amp#27;[0m&amp#27;[32m&amp#27;[1m"Department:GetAllDep"&amp#27;[0m&amp#27;[32m &amp#27;[0m&amp#27;[32m&amp#27;[1m"scrum"&amp#27;[0m&amp#27;[32m webservice api&amp#27;[0m          &amp#27;[90m# com.noorteck.qa.steps.CommonAPISteps.setUpAPI(java.lang.String,java.lang.String)&amp#27;[0m
  &amp#27;[32mWhen &amp#27;[0m&amp#27;[32mUser sends GET request&amp#27;[0m                                           &amp#27;[90m# com.noorteck.qa.steps.CommonAPISteps.makeGETrequest()&amp#27;[0m
Status Code: 200
  &amp#27;[32mThen &amp#27;[0m&amp#27;[32mUser validates status code &amp#27;[0m&amp#27;[32m&amp#27;[1m"200"&amp#27;[0m                                 &amp#27;[90m# com.noorteck.qa.steps.CommonAPISteps.validateStatusCode(java.lang.String)&amp#27;[0m
  &amp#27;[32mAnd &amp#27;[0m&amp#27;[32mUser validates response body field&amp#27;[0m                                &amp#27;[90m# com.noorteck.qa.steps.CommonAPISteps.validateResponseBody(io.cucumber.datatable.DataTable)&amp#27;[0m
]]></system-out>
  </testcase>
  <testcase name="Verify User able to retrieve ALL existing departments #3" classname="Get All Existing Departments API" time="0.155">
    <system-out><![CDATA[
@GetAllExDeps
Scenario Outline: Verify User able to retrieve ALL existing departments &amp#27;[90m# src/test/resources/hr/US205-GetAllDeps.feature:16&amp#27;[0m
  &amp#27;[32mGiven &amp#27;[0m&amp#27;[32mUser set &amp#27;[0m&amp#27;[32m&amp#27;[1m"Department:GetAllDep"&amp#27;[0m&amp#27;[32m &amp#27;[0m&amp#27;[32m&amp#27;[1m"scrum"&amp#27;[0m&amp#27;[32m webservice api&amp#27;[0m          &amp#27;[90m# com.noorteck.qa.steps.CommonAPISteps.setUpAPI(java.lang.String,java.lang.String)&amp#27;[0m
  &amp#27;[32mWhen &amp#27;[0m&amp#27;[32mUser sends GET request&amp#27;[0m                                           &amp#27;[90m# com.noorteck.qa.steps.CommonAPISteps.makeGETrequest()&amp#27;[0m
Status Code: 200
  &amp#27;[32mThen &amp#27;[0m&amp#27;[32mUser validates status code &amp#27;[0m&amp#27;[32m&amp#27;[1m"200"&amp#27;[0m                                 &amp#27;[90m# com.noorteck.qa.steps.CommonAPISteps.validateStatusCode(java.lang.String)&amp#27;[0m
  &amp#27;[32mAnd &amp#27;[0m&amp#27;[32mUser validates response body field&amp#27;[0m                                &amp#27;[90m# com.noorteck.qa.steps.CommonAPISteps.validateResponseBody(io.cucumber.datatable.DataTable)&amp#27;[0m
]]></system-out>
  </testcase>
</testsuite>